# JRE version: Java(TM) SE Runtime Environment (8.0_162-b12) (build 1.8.0_162-b12)
# Java VM: Java HotSpot(TM) 64-Bit Server VM (25.162-b12 mixed mode windows-amd64 compressed oops)
Heap:
 PSYoungGen      total 179200K, used 61169K [0x000000076ae00000, 0x0000000781f00000, 0x00000007c0000000)
  eden space 118784K, 8% used [0x000000076ae00000,0x000000076b8097d0,0x0000000772200000)
  from space 60416K, 84% used [0x0000000772200000,0x00000007753b2f78,0x0000000775d00000)
  to   space 70144K, 0% used [0x000000077da80000,0x000000077da80000,0x0000000781f00000)
 ParOldGen       total 175104K, used 55866K [0x00000006c0a00000, 0x00000006cb500000, 0x000000076ae00000)
  object space 175104K, 31% used [0x00000006c0a00000,0x00000006c408eaf0,0x00000006cb500000)
 Metaspace       used 18582K, capacity 18904K, committed 19072K, reserved 1067008K
  class space    used 2235K, capacity 2328K, committed 2432K, reserved 1048576K
GC Heap History (10 events):
Event: 2.179 GC heap before
{Heap before GC invocations=3 (full 0):
 PSYoungGen      total 76288K, used 68156K [0x000000076ae00000, 0x0000000770300000, 0x00000007c0000000)
  eden space 65536K, 100% used [0x000000076ae00000,0x000000076ee00000,0x000000076ee00000)
  from space 10752K, 24% used [0x000000076f880000,0x000000076fb0f0c8,0x0000000770300000)
  to   space 10752K, 0% used [0x000000076ee00000,0x000000076ee00000,0x000000076f880000)
 ParOldGen       total 175104K, used 16K [0x00000006c0a00000, 0x00000006cb500000, 0x000000076ae00000)
  object space 175104K, 0% used [0x00000006c0a00000,0x00000006c0a04000,0x00000006cb500000)
 Metaspace       used 10447K, capacity 10622K, committed 10752K, reserved 1058816K
  class space    used 1446K, capacity 1497K, committed 1536K, reserved 1048576K
Event: 2.181 GC heap after
Heap after GC invocations=3 (full 0):
 PSYoungGen      total 76288K, used 2551K [0x000000076ae00000, 0x0000000770300000, 0x00000007c0000000)
  eden space 65536K, 0% used [0x000000076ae00000,0x000000076ae00000,0x000000076ee00000)
  from space 10752K, 23% used [0x000000076ee00000,0x000000076f07de70,0x000000076f880000)
  to   space 10752K, 0% used [0x000000076f880000,0x000000076f880000,0x0000000770300000)
 ParOldGen       total 175104K, used 24K [0x00000006c0a00000, 0x00000006cb500000, 0x000000076ae00000)
  object space 175104K, 0% used [0x00000006c0a00000,0x00000006c0a06000,0x00000006cb500000)
 Metaspace       used 10447K, capacity 10622K, committed 10752K, reserved 1058816K
  class space    used 1446K, capacity 1497K, committed 1536K, reserved 1048576K
}
Event: 2.695 GC heap before
{Heap before GC invocations=4 (full 0):
 PSYoungGen      total 76288K, used 68087K [0x000000076ae00000, 0x0000000770300000, 0x00000007c0000000)
  eden space 65536K, 100% used [0x000000076ae00000,0x000000076ee00000,0x000000076ee00000)
  from space 10752K, 23% used [0x000000076ee00000,0x000000076f07de70,0x000000076f880000)
  to   space 10752K, 0% used [0x000000076f880000,0x000000076f880000,0x0000000770300000)
 ParOldGen       total 175104K, used 24K [0x00000006c0a00000, 0x00000006cb500000, 0x000000076ae00000)
  object space 175104K, 0% used [0x00000006c0a00000,0x00000006c0a06000,0x00000006cb500000)
 Metaspace       used 11545K, capacity 11710K, committed 11904K, reserved 1058816K
  class space    used 1536K, capacity 1625K, committed 1664K, reserved 1048576K
Event: 2.697 GC heap after
Heap after GC invocations=4 (full 0):
 PSYoungGen      total 76288K, used 3293K [0x000000076ae00000, 0x0000000770300000, 0x00000007c0000000)
  eden space 65536K, 0% used [0x000000076ae00000,0x000000076ae00000,0x000000076ee00000)
  from space 10752K, 30% used [0x000000076f880000,0x000000076fbb7720,0x0000000770300000)
  to   space 10752K, 0% used [0x000000076ee00000,0x000000076ee00000,0x000000076f880000)
 ParOldGen       total 175104K, used 32K [0x00000006c0a00000, 0x00000006cb500000, 0x000000076ae00000)
  object space 175104K, 0% used [0x00000006c0a00000,0x00000006c0a08000,0x00000006cb500000)
 Metaspace       used 11545K, capacity 11710K, committed 11904K, reserved 1058816K
  class space    used 1536K, capacity 1625K, committed 1664K, reserved 1048576K
}
Event: 3.076 GC heap before
{Heap before GC invocations=5 (full 0):
 PSYoungGen      total 76288K, used 68829K [0x000000076ae00000, 0x0000000770300000, 0x00000007c0000000)
  eden space 65536K, 100% used [0x000000076ae00000,0x000000076ee00000,0x000000076ee00000)
  from space 10752K, 30% used [0x000000076f880000,0x000000076fbb7720,0x0000000770300000)
  to   space 10752K, 0% used [0x000000076ee00000,0x000000076ee00000,0x000000076f880000)
 ParOldGen       total 175104K, used 32K [0x00000006c0a00000, 0x00000006cb500000, 0x000000076ae00000)
  object space 175104K, 0% used [0x00000006c0a00000,0x00000006c0a08000,0x00000006cb500000)
 Metaspace       used 11972K, capacity 12158K, committed 12416K, reserved 1060864K
  class space    used 1568K, capacity 1625K, committed 1664K, reserved 1048576K
Event: 3.095 GC heap after
Heap after GC invocations=5 (full 0):
 PSYoungGen      total 76288K, used 10741K [0x000000076ae00000, 0x0000000778c00000, 0x00000007c0000000)
  eden space 65536K, 0% used [0x000000076ae00000,0x000000076ae00000,0x000000076ee00000)
  from space 10752K, 99% used [0x000000076ee00000,0x000000076f87d6f8,0x000000076f880000)
  to   space 48128K, 0% used [0x0000000775d00000,0x0000000775d00000,0x0000000778c00000)
 ParOldGen       total 175104K, used 53997K [0x00000006c0a00000, 0x00000006cb500000, 0x000000076ae00000)
  object space 175104K, 30% used [0x00000006c0a00000,0x00000006c3ebb7b8,0x00000006cb500000)
 Metaspace       used 11972K, capacity 12158K, committed 12416K, reserved 1060864K
  class space    used 1568K, capacity 1625K, committed 1664K, reserved 1048576K
}
Event: 3.430 GC heap before
{Heap before GC invocations=6 (full 0):
 PSYoungGen      total 76288K, used 76277K [0x000000076ae00000, 0x0000000778c00000, 0x00000007c0000000)
  eden space 65536K, 100% used [0x000000076ae00000,0x000000076ee00000,0x000000076ee00000)
  from space 10752K, 99% used [0x000000076ee00000,0x000000076f87d6f8,0x000000076f880000)
  to   space 48128K, 0% used [0x0000000775d00000,0x0000000775d00000,0x0000000778c00000)
 ParOldGen       total 175104K, used 53997K [0x00000006c0a00000, 0x00000006cb500000, 0x000000076ae00000)
  object space 175104K, 30% used [0x00000006c0a00000,0x00000006c3ebb7b8,0x00000006cb500000)
 Metaspace       used 12102K, capacity 12318K, committed 12416K, reserved 1060864K
  class space    used 1583K, capacity 1657K, committed 1664K, reserved 1048576K
Event: 3.444 GC heap after
Heap after GC invocations=6 (full 0):
 PSYoungGen      total 166912K, used 46876K [0x000000076ae00000, 0x000000077a400000, 0x00000007c0000000)
  eden space 118784K, 0% used [0x000000076ae00000,0x000000076ae00000,0x0000000772200000)
  from space 48128K, 97% used [0x0000000775d00000,0x0000000778ac73a8,0x0000000778c00000)
  to   space 60416K, 0% used [0x0000000772200000,0x0000000772200000,0x0000000775d00000)
 ParOldGen       total 175104K, used 54005K [0x00000006c0a00000, 0x00000006cb500000, 0x000000076ae00000)
  object space 175104K, 30% used [0x00000006c0a00000,0x00000006c3ebd7b8,0x00000006cb500000)
 Metaspace       used 12102K, capacity 12318K, committed 12416K, reserved 1060864K
  class space    used 1583K, capacity 1657K, committed 1664K, reserved 1048576K
}
Event: 8.921 GC heap before
{Heap before GC invocations=7 (full 0):
 PSYoungGen      total 166912K, used 165660K [0x000000076ae00000, 0x000000077a400000, 0x00000007c0000000)
  eden space 118784K, 100% used [0x000000076ae00000,0x0000000772200000,0x0000000772200000)
  from space 48128K, 97% used [0x0000000775d00000,0x0000000778ac73a8,0x0000000778c00000)
  to   space 60416K, 0% used [0x0000000772200000,0x0000000772200000,0x0000000775d00000)
 ParOldGen       total 175104K, used 54005K [0x00000006c0a00000, 0x00000006cb500000, 0x000000076ae00000)
  object space 175104K, 30% used [0x00000006c0a00000,0x00000006c3ebd7b8,0x00000006cb500000)
 Metaspace       used 18472K, capacity 18660K, committed 18944K, reserved 1067008K
  class space    used 2219K, capacity 2298K, committed 2304K, reserved 1048576K
Event: 8.937 GC heap after
Heap after GC invocations=7 (full 0):
 PSYoungGen      total 179200K, used 50891K [0x000000076ae00000, 0x0000000781f00000, 0x00000007c0000000)
  eden space 118784K, 0% used [0x000000076ae00000,0x000000076ae00000,0x0000000772200000)
  from space 60416K, 84% used [0x0000000772200000,0x00000007753b2f78,0x0000000775d00000)
  to   space 70144K, 0% used [0x000000077da80000,0x000000077da80000,0x0000000781f00000)
 ParOldGen       total 175104K, used 55866K [0x00000006c0a00000, 0x00000006cb500000, 0x000000076ae00000)
  object space 175104K, 31% used [0x00000006c0a00000,0x00000006c408eaf0,0x00000006cb500000)
 Metaspace       used 18472K, capacity 18660K, committed 18944K, reserved 1067008K
  class space    used 2219K, capacity 2298K, committed 2304K, reserved 1048576K
}

