# JRE version: Java(TM) SE Runtime Environment (8.0_162-b12) (build 1.8.0_162-b12)
# Java VM: Java HotSpot(TM) 64-Bit Server VM (25.162-b12 mixed mode windows-amd64 compressed oops)
Heap:
 PSYoungGen      total 1264128K, used 1241760K [0x000000076ae00000, 0x00000007bff00000, 0x00000007c0000000)
  eden space 1138176K, 100% used [0x000000076ae00000,0x00000007b0580000,0x00000007b0580000)
  from space 125952K, 82% used [0x00000007b0580000,0x00000007b6aa8000,0x00000007b8080000)
  to   space 125440K, 44% used [0x00000007b8480000,0x00000007bbb80000,0x00000007bff00000)
 ParOldGen       total 175104K, used 132935K [0x00000006c0a00000, 0x00000006cb500000, 0x000000076ae00000)
  object space 175104K, 75% used [0x00000006c0a00000,0x00000006c8bd1ff8,0x00000006cb500000)
 Metaspace       used 18694K, capacity 19024K, committed 19328K, reserved 1067008K
  class space    used 2223K, capacity 2322K, committed 2432K, reserved 1048576K
GC Heap History (10 events):
Event: 184.790 GC heap after
Heap after GC invocations=47 (full 0):
 PSYoungGen      total 1259520K, used 102208K [0x000000076ae00000, 0x00000007bfe00000, 0x00000007c0000000)
  eden space 1128448K, 0% used [0x000000076ae00000,0x000000076ae00000,0x00000007afc00000)
  from space 131072K, 77% used [0x00000007afc00000,0x00000007b5fd0000,0x00000007b7c00000)
  to   space 130048K, 0% used [0x00000007b7f00000,0x00000007b7f00000,0x00000007bfe00000)
 ParOldGen       total 175104K, used 131375K [0x00000006c0a00000, 0x00000006cb500000, 0x000000076ae00000)
  object space 175104K, 75% used [0x00000006c0a00000,0x00000006c8a4bff8,0x00000006cb500000)
 Metaspace       used 18692K, capacity 19024K, committed 19328K, reserved 1067008K
  class space    used 2223K, capacity 2322K, committed 2432K, reserved 1048576K
}
Event: 190.007 GC heap before
{Heap before GC invocations=48 (full 0):
 PSYoungGen      total 1259520K, used 1230656K [0x000000076ae00000, 0x00000007bfe00000, 0x00000007c0000000)
  eden space 1128448K, 100% used [0x000000076ae00000,0x00000007afc00000,0x00000007afc00000)
  from space 131072K, 77% used [0x00000007afc00000,0x00000007b5fd0000,0x00000007b7c00000)
  to   space 130048K, 0% used [0x00000007b7f00000,0x00000007b7f00000,0x00000007bfe00000)
 ParOldGen       total 175104K, used 131375K [0x00000006c0a00000, 0x00000006cb500000, 0x000000076ae00000)
  object space 175104K, 75% used [0x00000006c0a00000,0x00000006c8a4bff8,0x00000006cb500000)
 Metaspace       used 18692K, capacity 19024K, committed 19328K, reserved 1067008K
  class space    used 2223K, capacity 2322K, committed 2432K, reserved 1048576K
Event: 190.338 GC heap after
Heap after GC invocations=48 (full 0):
 PSYoungGen      total 1262592K, used 102528K [0x000000076ae00000, 0x00000007bfd00000, 0x00000007c0000000)
  eden space 1133568K, 0% used [0x000000076ae00000,0x000000076ae00000,0x00000007b0100000)
  from space 129024K, 79% used [0x00000007b7f00000,0x00000007be320000,0x00000007bfd00000)
  to   space 129024K, 0% used [0x00000007b0100000,0x00000007b0100000,0x00000007b7f00000)
 ParOldGen       total 175104K, used 131527K [0x00000006c0a00000, 0x00000006cb500000, 0x000000076ae00000)
  object space 175104K, 75% used [0x00000006c0a00000,0x00000006c8a71ff8,0x00000006cb500000)
 Metaspace       used 18692K, capacity 19024K, committed 19328K, reserved 1067008K
  class space    used 2223K, capacity 2322K, committed 2432K, reserved 1048576K
}
Event: 195.825 GC heap before
{Heap before GC invocations=49 (full 0):
 PSYoungGen      total 1262592K, used 1236096K [0x000000076ae00000, 0x00000007bfd00000, 0x00000007c0000000)
  eden space 1133568K, 100% used [0x000000076ae00000,0x00000007b0100000,0x00000007b0100000)
  from space 129024K, 79% used [0x00000007b7f00000,0x00000007be320000,0x00000007bfd00000)
  to   space 129024K, 0% used [0x00000007b0100000,0x00000007b0100000,0x00000007b7f00000)
 ParOldGen       total 175104K, used 131527K [0x00000006c0a00000, 0x00000006cb500000, 0x000000076ae00000)
  object space 175104K, 75% used [0x00000006c0a00000,0x00000006c8a71ff8,0x00000006cb500000)
 Metaspace       used 18692K, capacity 19024K, committed 19328K, reserved 1067008K
  class space    used 2223K, capacity 2322K, committed 2432K, reserved 1048576K
Event: 196.124 GC heap after
Heap after GC invocations=49 (full 0):
 PSYoungGen      total 1262592K, used 102560K [0x000000076ae00000, 0x00000007bfd00000, 0x00000007c0000000)
  eden space 1133568K, 0% used [0x000000076ae00000,0x000000076ae00000,0x00000007b0100000)
  from space 129024K, 79% used [0x00000007b0100000,0x00000007b6528000,0x00000007b7f00000)
  to   space 127488K, 0% used [0x00000007b8080000,0x00000007b8080000,0x00000007bfd00000)
 ParOldGen       total 175104K, used 131679K [0x00000006c0a00000, 0x00000006cb500000, 0x000000076ae00000)
  object space 175104K, 75% used [0x00000006c0a00000,0x00000006c8a97ff8,0x00000006cb500000)
 Metaspace       used 18692K, capacity 19024K, committed 19328K, reserved 1067008K
  class space    used 2223K, capacity 2322K, committed 2432K, reserved 1048576K
}
Event: 201.303 GC heap before
{Heap before GC invocations=50 (full 0):
 PSYoungGen      total 1262592K, used 1236128K [0x000000076ae00000, 0x00000007bfd00000, 0x00000007c0000000)
  eden space 1133568K, 100% used [0x000000076ae00000,0x00000007b0100000,0x00000007b0100000)
  from space 129024K, 79% used [0x00000007b0100000,0x00000007b6528000,0x00000007b7f00000)
  to   space 127488K, 0% used [0x00000007b8080000,0x00000007b8080000,0x00000007bfd00000)
 ParOldGen       total 175104K, used 131679K [0x00000006c0a00000, 0x00000006cb500000, 0x000000076ae00000)
  object space 175104K, 75% used [0x00000006c0a00000,0x00000006c8a97ff8,0x00000006cb500000)
 Metaspace       used 18694K, capacity 19024K, committed 19328K, reserved 1067008K
  class space    used 2223K, capacity 2322K, committed 2432K, reserved 1048576K
Event: 201.571 GC heap after
Heap after GC invocations=50 (full 0):
 PSYoungGen      total 1264128K, used 101664K [0x000000076ae00000, 0x00000007bfb80000, 0x00000007c0000000)
  eden space 1138176K, 0% used [0x000000076ae00000,0x000000076ae00000,0x00000007b0580000)
  from space 125952K, 80% used [0x00000007b8080000,0x00000007be3c8000,0x00000007bfb80000)
  to   space 125952K, 0% used [0x00000007b0580000,0x00000007b0580000,0x00000007b8080000)
 ParOldGen       total 175104K, used 132079K [0x00000006c0a00000, 0x00000006cb500000, 0x000000076ae00000)
  object space 175104K, 75% used [0x00000006c0a00000,0x00000006c8afbff8,0x00000006cb500000)
 Metaspace       used 18694K, capacity 19024K, committed 19328K, reserved 1067008K
  class space    used 2223K, capacity 2322K, committed 2432K, reserved 1048576K
}
Event: 206.874 GC heap before
{Heap before GC invocations=51 (full 0):
 PSYoungGen      total 1264128K, used 1239840K [0x000000076ae00000, 0x00000007bfb80000, 0x00000007c0000000)
  eden space 1138176K, 100% used [0x000000076ae00000,0x00000007b0580000,0x00000007b0580000)
  from space 125952K, 80% used [0x00000007b8080000,0x00000007be3c8000,0x00000007bfb80000)
  to   space 125952K, 0% used [0x00000007b0580000,0x00000007b0580000,0x00000007b8080000)
 ParOldGen       total 175104K, used 132079K [0x00000006c0a00000, 0x00000006cb500000, 0x000000076ae00000)
  object space 175104K, 75% used [0x00000006c0a00000,0x00000006c8afbff8,0x00000006cb500000)
 Metaspace       used 18694K, capacity 19024K, committed 19328K, reserved 1067008K
  class space    used 2223K, capacity 2322K, committed 2432K, reserved 1048576K
Event: 207.199 GC heap after
Heap after GC invocations=51 (full 0):
 PSYoungGen      total 1264128K, used 103584K [0x000000076ae00000, 0x00000007bff00000, 0x00000007c0000000)
  eden space 1138176K, 0% used [0x000000076ae00000,0x000000076ae00000,0x00000007b0580000)
  from space 125952K, 82% used [0x00000007b0580000,0x00000007b6aa8000,0x00000007b8080000)
  to   space 125440K, 0% used [0x00000007b8480000,0x00000007b8480000,0x00000007bff00000)
 ParOldGen       total 175104K, used 132783K [0x00000006c0a00000, 0x00000006cb500000, 0x000000076ae00000)
  object space 175104K, 75% used [0x00000006c0a00000,0x00000006c8babff8,0x00000006cb500000)
 Metaspace       used 18694K, capacity 19024K, committed 19328K, reserved 1067008K
  class space    used 2223K, capacity 2322K, committed 2432K, reserved 1048576K
}
Event: 212.472 GC heap before
{Heap before GC invocations=52 (full 0):
 PSYoungGen      total 1264128K, used 1241760K [0x000000076ae00000, 0x00000007bff00000, 0x00000007c0000000)
  eden space 1138176K, 100% used [0x000000076ae00000,0x00000007b0580000,0x00000007b0580000)
  from space 125952K, 82% used [0x00000007b0580000,0x00000007b6aa8000,0x00000007b8080000)
  to   space 125440K, 0% used [0x00000007b8480000,0x00000007b8480000,0x00000007bff00000)
 ParOldGen       total 175104K, used 132783K [0x00000006c0a00000, 0x00000006cb500000, 0x000000076ae00000)
  object space 175104K, 75% used [0x00000006c0a00000,0x00000006c8babff8,0x00000006cb500000)
 Metaspace       used 18694K, capacity 19024K, committed 19328K, reserved 1067008K
  class space    used 2223K, capacity 2322K, committed 2432K, reserved 1048576K

