# JRE version: Java(TM) SE Runtime Environment (8.0_162-b12) (build 1.8.0_162-b12)
# Java VM: Java HotSpot(TM) 64-Bit Server VM (25.162-b12 mixed mode windows-amd64 compressed oops)
Heap:
 PSYoungGen      total 1254912K, used 1222336K [0x000000076ae00000, 0x00000007bff80000, 0x00000007c0000000)
  eden space 1119744K, 100% used [0x000000076ae00000,0x00000007af380000,0x00000007af380000)
  from space 135168K, 75% used [0x00000007af380000,0x00000007b57b0000,0x00000007b7780000)
  to   space 133632K, 43% used [0x00000007b7d00000,0x00000007bb660000,0x00000007bff80000)
 ParOldGen       total 175104K, used 130680K [0x00000006c0a00000, 0x00000006cb500000, 0x000000076ae00000)
  object space 175104K, 74% used [0x00000006c0a00000,0x00000006c899e310,0x00000006cb500000)
 Metaspace       used 18694K, capacity 19028K, committed 19328K, reserved 1067008K
  class space    used 2224K, capacity 2324K, committed 2432K, reserved 1048576K
GC Heap History (10 events):
Event: 169.405 GC heap after
Heap after GC invocations=41 (full 0):
 PSYoungGen      total 1247232K, used 100576K [0x000000076ae00000, 0x00000007bff00000, 0x00000007c0000000)
  eden space 1105408K, 0% used [0x000000076ae00000,0x000000076ae00000,0x00000007ae580000)
  from space 141824K, 70% used [0x00000007ae580000,0x00000007b47b8000,0x00000007b7000000)
  to   space 139776K, 0% used [0x00000007b7680000,0x00000007b7680000,0x00000007bff00000)
 ParOldGen       total 175104K, used 129320K [0x00000006c0a00000, 0x00000006cb500000, 0x000000076ae00000)
  object space 175104K, 73% used [0x00000006c0a00000,0x00000006c884a310,0x00000006cb500000)
 Metaspace       used 18693K, capacity 19028K, committed 19328K, reserved 1067008K
  class space    used 2224K, capacity 2324K, committed 2432K, reserved 1048576K
}
Event: 175.060 GC heap before
{Heap before GC invocations=42 (full 0):
 PSYoungGen      total 1247232K, used 1205984K [0x000000076ae00000, 0x00000007bff00000, 0x00000007c0000000)
  eden space 1105408K, 100% used [0x000000076ae00000,0x00000007ae580000,0x00000007ae580000)
  from space 141824K, 70% used [0x00000007ae580000,0x00000007b47b8000,0x00000007b7000000)
  to   space 139776K, 0% used [0x00000007b7680000,0x00000007b7680000,0x00000007bff00000)
 ParOldGen       total 175104K, used 129320K [0x00000006c0a00000, 0x00000006cb500000, 0x000000076ae00000)
  object space 175104K, 73% used [0x00000006c0a00000,0x00000006c884a310,0x00000006cb500000)
 Metaspace       used 18693K, capacity 19028K, committed 19328K, reserved 1067008K
  class space    used 2224K, capacity 2324K, committed 2432K, reserved 1048576K
Event: 175.432 GC heap after
Heap after GC invocations=42 (full 0):
 PSYoungGen      total 1248768K, used 101312K [0x000000076ae00000, 0x00000007bfb00000, 0x00000007c0000000)
  eden space 1113088K, 0% used [0x000000076ae00000,0x000000076ae00000,0x00000007aed00000)
  from space 135680K, 74% used [0x00000007b7680000,0x00000007bd970000,0x00000007bfb00000)
  to   space 138240K, 0% used [0x00000007aed00000,0x00000007aed00000,0x00000007b7400000)
 ParOldGen       total 175104K, used 129728K [0x00000006c0a00000, 0x00000006cb500000, 0x000000076ae00000)
  object space 175104K, 74% used [0x00000006c0a00000,0x00000006c88b0310,0x00000006cb500000)
 Metaspace       used 18693K, capacity 19028K, committed 19328K, reserved 1067008K
  class space    used 2224K, capacity 2324K, committed 2432K, reserved 1048576K
}
Event: 181.256 GC heap before
{Heap before GC invocations=43 (full 0):
 PSYoungGen      total 1248768K, used 1214400K [0x000000076ae00000, 0x00000007bfb00000, 0x00000007c0000000)
  eden space 1113088K, 100% used [0x000000076ae00000,0x00000007aed00000,0x00000007aed00000)
  from space 135680K, 74% used [0x00000007b7680000,0x00000007bd970000,0x00000007bfb00000)
  to   space 138240K, 0% used [0x00000007aed00000,0x00000007aed00000,0x00000007b7400000)
 ParOldGen       total 175104K, used 129728K [0x00000006c0a00000, 0x00000006cb500000, 0x000000076ae00000)
  object space 175104K, 74% used [0x00000006c0a00000,0x00000006c88b0310,0x00000006cb500000)
 Metaspace       used 18694K, capacity 19028K, committed 19328K, reserved 1067008K
  class space    used 2224K, capacity 2324K, committed 2432K, reserved 1048576K
Event: 181.557 GC heap after
Heap after GC invocations=43 (full 0):
 PSYoungGen      total 1251328K, used 101536K [0x000000076ae00000, 0x00000007bff80000, 0x00000007c0000000)
  eden space 1113088K, 0% used [0x000000076ae00000,0x000000076ae00000,0x00000007aed00000)
  from space 138240K, 73% used [0x00000007aed00000,0x00000007b5028000,0x00000007b7400000)
  to   space 136704K, 0% used [0x00000007b7a00000,0x00000007b7a00000,0x00000007bff80000)
 ParOldGen       total 175104K, used 129888K [0x00000006c0a00000, 0x00000006cb500000, 0x000000076ae00000)
  object space 175104K, 74% used [0x00000006c0a00000,0x00000006c88d8310,0x00000006cb500000)
 Metaspace       used 18694K, capacity 19028K, committed 19328K, reserved 1067008K
  class space    used 2224K, capacity 2324K, committed 2432K, reserved 1048576K
}
Event: 187.124 GC heap before
{Heap before GC invocations=44 (full 0):
 PSYoungGen      total 1251328K, used 1214624K [0x000000076ae00000, 0x00000007bff80000, 0x00000007c0000000)
  eden space 1113088K, 100% used [0x000000076ae00000,0x00000007aed00000,0x00000007aed00000)
  from space 138240K, 73% used [0x00000007aed00000,0x00000007b5028000,0x00000007b7400000)
  to   space 136704K, 0% used [0x00000007b7a00000,0x00000007b7a00000,0x00000007bff80000)
 ParOldGen       total 175104K, used 129888K [0x00000006c0a00000, 0x00000006cb500000, 0x000000076ae00000)
  object space 175104K, 74% used [0x00000006c0a00000,0x00000006c88d8310,0x00000006cb500000)
 Metaspace       used 18694K, capacity 19028K, committed 19328K, reserved 1067008K
  class space    used 2224K, capacity 2324K, committed 2432K, reserved 1048576K
Event: 187.453 GC heap after
Heap after GC invocations=44 (full 0):
 PSYoungGen      total 1252352K, used 101632K [0x000000076ae00000, 0x00000007bfb80000, 0x00000007c0000000)
  eden space 1119744K, 0% used [0x000000076ae00000,0x000000076ae00000,0x00000007af380000)
  from space 132608K, 76% used [0x00000007b7a00000,0x00000007bdd40000,0x00000007bfb80000)
  to   space 135168K, 0% used [0x00000007af380000,0x00000007af380000,0x00000007b7780000)
 ParOldGen       total 175104K, used 130336K [0x00000006c0a00000, 0x00000006cb500000, 0x000000076ae00000)
  object space 175104K, 74% used [0x00000006c0a00000,0x00000006c8948310,0x00000006cb500000)
 Metaspace       used 18694K, capacity 19028K, committed 19328K, reserved 1067008K
  class space    used 2224K, capacity 2324K, committed 2432K, reserved 1048576K
}
Event: 193.201 GC heap before
{Heap before GC invocations=45 (full 0):
 PSYoungGen      total 1252352K, used 1221376K [0x000000076ae00000, 0x00000007bfb80000, 0x00000007c0000000)
  eden space 1119744K, 100% used [0x000000076ae00000,0x00000007af380000,0x00000007af380000)
  from space 132608K, 76% used [0x00000007b7a00000,0x00000007bdd40000,0x00000007bfb80000)
  to   space 135168K, 0% used [0x00000007af380000,0x00000007af380000,0x00000007b7780000)
 ParOldGen       total 175104K, used 130336K [0x00000006c0a00000, 0x00000006cb500000, 0x000000076ae00000)
  object space 175104K, 74% used [0x00000006c0a00000,0x00000006c8948310,0x00000006cb500000)
 Metaspace       used 18694K, capacity 19028K, committed 19328K, reserved 1067008K
  class space    used 2224K, capacity 2324K, committed 2432K, reserved 1048576K
Event: 193.535 GC heap after
Heap after GC invocations=45 (full 0):
 PSYoungGen      total 1254912K, used 102592K [0x000000076ae00000, 0x00000007bff80000, 0x00000007c0000000)
  eden space 1119744K, 0% used [0x000000076ae00000,0x000000076ae00000,0x00000007af380000)
  from space 135168K, 75% used [0x00000007af380000,0x00000007b57b0000,0x00000007b7780000)
  to   space 133632K, 0% used [0x00000007b7d00000,0x00000007b7d00000,0x00000007bff80000)
 ParOldGen       total 175104K, used 130512K [0x00000006c0a00000, 0x00000006cb500000, 0x000000076ae00000)
  object space 175104K, 74% used [0x00000006c0a00000,0x00000006c8974310,0x00000006cb500000)
 Metaspace       used 18694K, capacity 19028K, committed 19328K, reserved 1067008K
  class space    used 2224K, capacity 2324K, committed 2432K, reserved 1048576K
}
Event: 199.276 GC heap before
{Heap before GC invocations=46 (full 0):
 PSYoungGen      total 1254912K, used 1222336K [0x000000076ae00000, 0x00000007bff80000, 0x00000007c0000000)
  eden space 1119744K, 100% used [0x000000076ae00000,0x00000007af380000,0x00000007af380000)
  from space 135168K, 75% used [0x00000007af380000,0x00000007b57b0000,0x00000007b7780000)
  to   space 133632K, 0% used [0x00000007b7d00000,0x00000007b7d00000,0x00000007bff80000)
 ParOldGen       total 175104K, used 130512K [0x00000006c0a00000, 0x00000006cb500000, 0x000000076ae00000)
  object space 175104K, 74% used [0x00000006c0a00000,0x00000006c8974310,0x00000006cb500000)
 Metaspace       used 18694K, capacity 19028K, committed 19328K, reserved 1067008K
  class space    used 2224K, capacity 2324K, committed 2432K, reserved 1048576K

