# JRE version: Java(TM) SE Runtime Environment (8.0_162-b12) (build 1.8.0_162-b12)
# Java VM: Java HotSpot(TM) 64-Bit Server VM (25.162-b12 mixed mode windows-amd64 compressed oops)
Heap:
 PSYoungGen      total 165888K, used 138941K [0x000000076ae00000, 0x000000077a400000, 0x00000007c0000000)
  eden space 118272K, 77% used [0x000000076ae00000,0x00000007707381a0,0x0000000772180000)
  from space 47616K, 99% used [0x0000000775c80000,0x0000000778af73c8,0x0000000778b00000)
  to   space 60416K, 0% used [0x0000000772180000,0x0000000772180000,0x0000000775c80000)
 ParOldGen       total 175104K, used 53285K [0x00000006c0a00000, 0x00000006cb500000, 0x000000076ae00000)
  object space 175104K, 30% used [0x00000006c0a00000,0x00000006c3e09738,0x00000006cb500000)
 Metaspace       used 18150K, capacity 18340K, committed 18432K, reserved 1064960K
  class space    used 2219K, capacity 2298K, committed 2304K, reserved 1048576K
GC Heap History (10 events):
Event: 2.420 GC heap before
{Heap before GC invocations=2 (full 0):
 PSYoungGen      total 76288K, used 72890K [0x000000076ae00000, 0x0000000770300000, 0x00000007c0000000)
  eden space 65536K, 100% used [0x000000076ae00000,0x000000076ee00000,0x000000076ee00000)
  from space 10752K, 68% used [0x000000076ee00000,0x000000076f52eb28,0x000000076f880000)
  to   space 10752K, 0% used [0x000000076f880000,0x000000076f880000,0x0000000770300000)
 ParOldGen       total 175104K, used 8K [0x00000006c0a00000, 0x00000006cb500000, 0x000000076ae00000)
  object space 175104K, 0% used [0x00000006c0a00000,0x00000006c0a02000,0x00000006cb500000)
 Metaspace       used 10196K, capacity 10360K, committed 10496K, reserved 1058816K
  class space    used 1428K, capacity 1496K, committed 1536K, reserved 1048576K
Event: 2.422 GC heap after
Heap after GC invocations=2 (full 0):
 PSYoungGen      total 76288K, used 2556K [0x000000076ae00000, 0x0000000770300000, 0x00000007c0000000)
  eden space 65536K, 0% used [0x000000076ae00000,0x000000076ae00000,0x000000076ee00000)
  from space 10752K, 23% used [0x000000076f880000,0x000000076faff0c8,0x0000000770300000)
  to   space 10752K, 0% used [0x000000076ee00000,0x000000076ee00000,0x000000076f880000)
 ParOldGen       total 175104K, used 16K [0x00000006c0a00000, 0x00000006cb500000, 0x000000076ae00000)
  object space 175104K, 0% used [0x00000006c0a00000,0x00000006c0a04000,0x00000006cb500000)
 Metaspace       used 10196K, capacity 10360K, committed 10496K, reserved 1058816K
  class space    used 1428K, capacity 1496K, committed 1536K, reserved 1048576K
}
Event: 2.726 GC heap before
{Heap before GC invocations=3 (full 0):
 PSYoungGen      total 76288K, used 68092K [0x000000076ae00000, 0x0000000770300000, 0x00000007c0000000)
  eden space 65536K, 100% used [0x000000076ae00000,0x000000076ee00000,0x000000076ee00000)
  from space 10752K, 23% used [0x000000076f880000,0x000000076faff0c8,0x0000000770300000)
  to   space 10752K, 0% used [0x000000076ee00000,0x000000076ee00000,0x000000076f880000)
 ParOldGen       total 175104K, used 16K [0x00000006c0a00000, 0x00000006cb500000, 0x000000076ae00000)
  object space 175104K, 0% used [0x00000006c0a00000,0x00000006c0a04000,0x00000006cb500000)
 Metaspace       used 10434K, capacity 10622K, committed 10752K, reserved 1058816K
  class space    used 1442K, capacity 1497K, committed 1536K, reserved 1048576K
Event: 2.728 GC heap after
Heap after GC invocations=3 (full 0):
 PSYoungGen      total 76288K, used 2647K [0x000000076ae00000, 0x0000000770300000, 0x00000007c0000000)
  eden space 65536K, 0% used [0x000000076ae00000,0x000000076ae00000,0x000000076ee00000)
  from space 10752K, 24% used [0x000000076ee00000,0x000000076f095e70,0x000000076f880000)
  to   space 10752K, 0% used [0x000000076f880000,0x000000076f880000,0x0000000770300000)
 ParOldGen       total 175104K, used 24K [0x00000006c0a00000, 0x00000006cb500000, 0x000000076ae00000)
  object space 175104K, 0% used [0x00000006c0a00000,0x00000006c0a06000,0x00000006cb500000)
 Metaspace       used 10434K, capacity 10622K, committed 10752K, reserved 1058816K
  class space    used 1442K, capacity 1497K, committed 1536K, reserved 1048576K
}
Event: 3.321 GC heap before
{Heap before GC invocations=4 (full 0):
 PSYoungGen      total 76288K, used 68183K [0x000000076ae00000, 0x0000000770300000, 0x00000007c0000000)
  eden space 65536K, 100% used [0x000000076ae00000,0x000000076ee00000,0x000000076ee00000)
  from space 10752K, 24% used [0x000000076ee00000,0x000000076f095e70,0x000000076f880000)
  to   space 10752K, 0% used [0x000000076f880000,0x000000076f880000,0x0000000770300000)
 ParOldGen       total 175104K, used 24K [0x00000006c0a00000, 0x00000006cb500000, 0x000000076ae00000)
  object space 175104K, 0% used [0x00000006c0a00000,0x00000006c0a06000,0x00000006cb500000)
 Metaspace       used 11459K, capacity 11614K, committed 11904K, reserved 1058816K
  class space    used 1529K, capacity 1593K, committed 1664K, reserved 1048576K
Event: 3.323 GC heap after
Heap after GC invocations=4 (full 0):
 PSYoungGen      total 76288K, used 3159K [0x000000076ae00000, 0x0000000770300000, 0x00000007c0000000)
  eden space 65536K, 0% used [0x000000076ae00000,0x000000076ae00000,0x000000076ee00000)
  from space 10752K, 29% used [0x000000076f880000,0x000000076fb95e98,0x0000000770300000)
  to   space 10752K, 0% used [0x000000076ee00000,0x000000076ee00000,0x000000076f880000)
 ParOldGen       total 175104K, used 32K [0x00000006c0a00000, 0x00000006cb500000, 0x000000076ae00000)
  object space 175104K, 0% used [0x00000006c0a00000,0x00000006c0a08000,0x00000006cb500000)
 Metaspace       used 11459K, capacity 11614K, committed 11904K, reserved 1058816K
  class space    used 1529K, capacity 1593K, committed 1664K, reserved 1048576K
}
Event: 3.882 GC heap before
{Heap before GC invocations=5 (full 0):
 PSYoungGen      total 76288K, used 68695K [0x000000076ae00000, 0x0000000770300000, 0x00000007c0000000)
  eden space 65536K, 100% used [0x000000076ae00000,0x000000076ee00000,0x000000076ee00000)
  from space 10752K, 29% used [0x000000076f880000,0x000000076fb95e98,0x0000000770300000)
  to   space 10752K, 0% used [0x000000076ee00000,0x000000076ee00000,0x000000076f880000)
 ParOldGen       total 175104K, used 32K [0x00000006c0a00000, 0x00000006cb500000, 0x000000076ae00000)
  object space 175104K, 0% used [0x00000006c0a00000,0x00000006c0a08000,0x00000006cb500000)
 Metaspace       used 11981K, capacity 12158K, committed 12416K, reserved 1060864K
  class space    used 1568K, capacity 1625K, committed 1664K, reserved 1048576K
Event: 3.900 GC heap after
Heap after GC invocations=5 (full 0):
 PSYoungGen      total 76288K, used 10725K [0x000000076ae00000, 0x0000000778b00000, 0x00000007c0000000)
  eden space 65536K, 0% used [0x000000076ae00000,0x000000076ae00000,0x000000076ee00000)
  from space 10752K, 99% used [0x000000076ee00000,0x000000076f8796e8,0x000000076f880000)
  to   space 47616K, 0% used [0x0000000775c80000,0x0000000775c80000,0x0000000778b00000)
 ParOldGen       total 175104K, used 53277K [0x00000006c0a00000, 0x00000006cb500000, 0x000000076ae00000)
  object space 175104K, 30% used [0x00000006c0a00000,0x00000006c3e07738,0x00000006cb500000)
 Metaspace       used 11981K, capacity 12158K, committed 12416K, reserved 1060864K
  class space    used 1568K, capacity 1625K, committed 1664K, reserved 1048576K
}
Event: 4.239 GC heap before
{Heap before GC invocations=6 (full 0):
 PSYoungGen      total 76288K, used 76261K [0x000000076ae00000, 0x0000000778b00000, 0x00000007c0000000)
  eden space 65536K, 100% used [0x000000076ae00000,0x000000076ee00000,0x000000076ee00000)
  from space 10752K, 99% used [0x000000076ee00000,0x000000076f8796e8,0x000000076f880000)
  to   space 47616K, 0% used [0x0000000775c80000,0x0000000775c80000,0x0000000778b00000)
 ParOldGen       total 175104K, used 53277K [0x00000006c0a00000, 0x00000006cb500000, 0x000000076ae00000)
  object space 175104K, 30% used [0x00000006c0a00000,0x00000006c3e07738,0x00000006cb500000)
 Metaspace       used 12104K, capacity 12318K, committed 12416K, reserved 1060864K
  class space    used 1583K, capacity 1657K, committed 1664K, reserved 1048576K
Event: 4.253 GC heap after
Heap after GC invocations=6 (full 0):
 PSYoungGen      total 165888K, used 47580K [0x000000076ae00000, 0x000000077a400000, 0x00000007c0000000)
  eden space 118272K, 0% used [0x000000076ae00000,0x000000076ae00000,0x0000000772180000)
  from space 47616K, 99% used [0x0000000775c80000,0x0000000778af73c8,0x0000000778b00000)
  to   space 60416K, 0% used [0x0000000772180000,0x0000000772180000,0x0000000775c80000)
 ParOldGen       total 175104K, used 53285K [0x00000006c0a00000, 0x00000006cb500000, 0x000000076ae00000)
  object space 175104K, 30% used [0x00000006c0a00000,0x00000006c3e09738,0x00000006cb500000)
 Metaspace       used 12104K, capacity 12318K, committed 12416K, reserved 1060864K
  class space    used 1583K, capacity 1657K, committed 1664K, reserved 1048576K
}

